{"/Users/baptiste/Code/PlaneTracker/src/App.tsx": {"path":"/Users/baptiste/Code/PlaneTracker/src/App.tsx","statementMap":{"0":{"start":{"line":3,"column":28},"end":{"line":9,"column":1}},"1":{"start":{"line":4,"column":2},"end":{"line":8,"column":4}}},"fnMap":{"0":{"name":"(anonymous_0)","decl":{"start":{"line":3,"column":28},"end":{"line":3,"column":29}},"loc":{"start":{"line":3,"column":34},"end":{"line":9,"column":1}},"line":3}},"branchMap":{},"s":{"0":2,"1":3},"f":{"0":3},"b":{},"_coverageSchema":"1a1c01bbd47fc00a2c39e90264f33305004495a9","hash":"95d4011db7f83ef985e72ffa134fce50f795ab7e"}
,"/Users/baptiste/Code/PlaneTracker/src/i18n/i18n.provider.tsx": {"path":"/Users/baptiste/Code/PlaneTracker/src/i18n/i18n.provider.tsx","statementMap":{"0":{"start":{"line":10,"column":30},"end":{"line":12,"column":1}},"1":{"start":{"line":11,"column":2},"end":{"line":11,"column":69}}},"fnMap":{"0":{"name":"(anonymous_0)","decl":{"start":{"line":10,"column":30},"end":{"line":10,"column":31}},"loc":{"start":{"line":10,"column":65},"end":{"line":12,"column":1}},"line":10}},"branchMap":{},"s":{"0":1,"1":1},"f":{"0":1},"b":{},"_coverageSchema":"1a1c01bbd47fc00a2c39e90264f33305004495a9","hash":"f0669a20e2192e5527cbcff6dac67b010c7efc39"}
,"/Users/baptiste/Code/PlaneTracker/src/i18n/i18n.store.ts": {"path":"/Users/baptiste/Code/PlaneTracker/src/i18n/i18n.store.ts","statementMap":{"0":{"start":{"line":9,"column":16},"end":{"line":12,"column":1}},"1":{"start":{"line":14,"column":23},"end":{"line":14,"column":27}},"2":{"start":{"line":15,"column":24},"end":{"line":15,"column":71}},"3":{"start":{"line":17,"column":27},"end":{"line":28,"column":1}},"4":{"start":{"line":21,"column":17},"end":{"line":21,"column":59}},"5":{"start":{"line":22,"column":4},"end":{"line":22,"column":38}},"6":{"start":{"line":26,"column":4},"end":{"line":26,"column":51}},"7":{"start":{"line":30,"column":0},"end":{"line":41,"column":5}}},"fnMap":{"0":{"name":"(anonymous_0)","decl":{"start":{"line":20,"column":10},"end":{"line":20,"column":11}},"loc":{"start":{"line":20,"column":54},"end":{"line":23,"column":3}},"line":20},"1":{"name":"(anonymous_1)","decl":{"start":{"line":24,"column":8},"end":{"line":24,"column":9}},"loc":{"start":{"line":24,"column":14},"end":{"line":24,"column":16}},"line":24},"2":{"name":"(anonymous_2)","decl":{"start":{"line":25,"column":21},"end":{"line":25,"column":22}},"loc":{"start":{"line":25,"column":49},"end":{"line":27,"column":3}},"line":25}},"branchMap":{"0":{"loc":{"start":{"line":15,"column":24},"end":{"line":15,"column":71}},"type":"binary-expr","locations":[{"start":{"line":15,"column":24},"end":{"line":15,"column":53}},{"start":{"line":15,"column":57},"end":{"line":15,"column":71}}],"line":15},"1":{"loc":{"start":{"line":22,"column":13},"end":{"line":22,"column":36}},"type":"binary-expr","locations":[{"start":{"line":22,"column":13},"end":{"line":22,"column":17}},{"start":{"line":22,"column":21},"end":{"line":22,"column":36}}],"line":22}},"s":{"0":1,"1":1,"2":1,"3":1,"4":1,"5":1,"6":1,"7":1},"f":{"0":1,"1":1,"2":1},"b":{"0":[1,1],"1":[1,1]},"_coverageSchema":"1a1c01bbd47fc00a2c39e90264f33305004495a9","hash":"4d485d4ff4549fd1191442d54187383c96e54405"}
,"/Users/baptiste/Code/PlaneTracker/src/theme/Theme.provider.tsx": {"path":"/Users/baptiste/Code/PlaneTracker/src/theme/Theme.provider.tsx","statementMap":{"0":{"start":{"line":11,"column":14},"end":{"line":16,"column":2}},"1":{"start":{"line":18,"column":31},"end":{"line":20,"column":1}},"2":{"start":{"line":19,"column":2},"end":{"line":19,"column":66}}},"fnMap":{"0":{"name":"(anonymous_0)","decl":{"start":{"line":18,"column":31},"end":{"line":18,"column":32}},"loc":{"start":{"line":18,"column":71},"end":{"line":20,"column":1}},"line":18}},"branchMap":{},"s":{"0":2,"1":2,"2":3},"f":{"0":3},"b":{},"_coverageSchema":"1a1c01bbd47fc00a2c39e90264f33305004495a9","hash":"147897c209723580e5c88e72f9cc9b1c66a89f15"}
,"/Users/baptiste/Code/PlaneTracker/src/theme/palette.ts": {"path":"/Users/baptiste/Code/PlaneTracker/src/theme/palette.ts","statementMap":{"0":{"start":{"line":1,"column":23},"end":{"line":5,"column":1}}},"fnMap":{},"branchMap":{},"s":{"0":2},"f":{},"b":{},"_coverageSchema":"1a1c01bbd47fc00a2c39e90264f33305004495a9","hash":"9fde26f441bc2e0d5e357b1e932e9a4628247d84"}
,"/Users/baptiste/Code/PlaneTracker/src/ui/Box/Box.tsx": {"path":"/Users/baptiste/Code/PlaneTracker/src/ui/Box/Box.tsx","statementMap":{"0":{"start":{"line":12,"column":19},"end":{"line":12,"column":31}},"1":{"start":{"line":14,"column":19},"end":{"line":30,"column":1}},"2":{"start":{"line":25,"column":2},"end":{"line":29,"column":4}}},"fnMap":{"0":{"name":"(anonymous_0)","decl":{"start":{"line":14,"column":19},"end":{"line":14,"column":20}},"loc":{"start":{"line":24,"column":16},"end":{"line":30,"column":1}},"line":24}},"branchMap":{"0":{"loc":{"start":{"line":17,"column":2},"end":{"line":22,"column":3}},"type":"default-arg","locations":[{"start":{"line":17,"column":11},"end":{"line":22,"column":3}}],"line":17},"1":{"loc":{"start":{"line":23,"column":2},"end":{"line":23,"column":16}},"type":"default-arg","locations":[{"start":{"line":23,"column":11},"end":{"line":23,"column":16}}],"line":23}},"s":{"0":3,"1":3,"2":8},"f":{"0":8},"b":{"0":[7],"1":[8]},"_coverageSchema":"1a1c01bbd47fc00a2c39e90264f33305004495a9","hash":"eeb5bbaa6c82107c8d5a7e3522b9243667bb411b"}
,"/Users/baptiste/Code/PlaneTracker/src/ui/Text/Text.tsx": {"path":"/Users/baptiste/Code/PlaneTracker/src/ui/Text/Text.tsx","statementMap":{"0":{"start":{"line":5,"column":19},"end":{"line":5,"column":31}},"1":{"start":{"line":14,"column":22},"end":{"line":23,"column":1}}},"fnMap":{"0":{"name":"(anonymous_0)","decl":{"start":{"line":14,"column":22},"end":{"line":14,"column":23}},"loc":{"start":{},"end":{}}}},"branchMap":{"0":{"loc":{"start":{"line":18,"column":2},"end":{"line":18,"column":17}},"type":"default-arg","locations":[{"start":{"line":18,"column":11},"end":{"line":18,"column":17}}],"line":18}},"s":{"0":3,"1":3},"f":{"0":5},"b":{"0":[5]},"_coverageSchema":"1a1c01bbd47fc00a2c39e90264f33305004495a9","hash":"f24c6f5d9b55fc9d151df693b79d5e8b93709de3"}
}
