TN:
SF:src/App.tsx
FN:10,(anonymous_0)
FNF:1
FNH:1
FNDA:3,(anonymous_0)
DA:7,2
DA:8,2
DA:10,2
DA:11,3
DA:13,3
DA:22,2
LF:6
LH:6
BRF:0
BRH:0
end_of_record
TN:
SF:src/i18n/i18n.provider.tsx
FN:10,(anonymous_0)
FNF:1
FNH:1
FNDA:1,(anonymous_0)
DA:10,1
DA:11,1
LF:2
LH:2
BRF:0
BRH:0
end_of_record
TN:
SF:src/i18n/i18n.store.ts
FN:20,(anonymous_0)
FN:24,(anonymous_1)
FN:25,(anonymous_2)
FNF:3
FNH:3
FNDA:1,(anonymous_0)
FNDA:1,(anonymous_1)
FNDA:1,(anonymous_2)
DA:9,1
DA:14,1
DA:15,1
DA:17,1
DA:21,1
DA:22,1
DA:26,1
DA:30,1
LF:8
LH:8
BRDA:15,0,0,1
BRDA:15,0,1,1
BRDA:22,1,0,1
BRDA:22,1,1,1
BRF:4
BRH:4
end_of_record
TN:
SF:src/theme/Theme.provider.tsx
FN:18,(anonymous_0)
FNF:1
FNH:1
FNDA:3,(anonymous_0)
DA:11,2
DA:18,2
DA:19,3
LF:3
LH:3
BRF:0
BRH:0
end_of_record
TN:
SF:src/theme/palette.ts
FNF:0
FNH:0
DA:1,2
LF:1
LH:1
BRF:0
BRH:0
end_of_record
